<?xml version="1.0" encoding="utf-8"?><testsuites name="pytest tests"><testsuite name="pytest" errors="0" failures="0" skipped="0" tests="5" time="0.024" timestamp="2026-03-18T22:18:40.125333+00:00" hostname="agent-env-d0352b56-580f-40ae-89c0-d9f057a89b09"><testcase classname="backend.tests.test_onboarding_stabilisation_static" name="test_xero_callback_exports_force_dynamic_without_route_logic_loss" time="0.000" /><testcase classname="backend.tests.test_onboarding_stabilisation_static" name="test_get_user_returns_null_on_auth_and_unexpected_failures" time="0.000" /><testcase classname="backend.tests.test_onboarding_stabilisation_static" name="test_require_org_redirects_safely_and_does_not_throw_raw_errors" time="0.000" /><testcase classname="backend.tests.test_onboarding_stabilisation_static" name="test_onboarding_action_has_controlled_failures_for_missing_auth_or_org_repairs" time="0.000" /><testcase classname="backend.tests.test_onboarding_stabilisation_static" name="test_import_review_page_has_safe_fallbacks_and_tolerates_schedule_query_errors" time="0.000" /></testsuite></testsuites>