<?xml version="1.0" encoding="utf-8"?><testsuites name="pytest tests"><testsuite name="pytest" errors="0" failures="0" skipped="0" tests="9" time="3.776" timestamp="2026-03-03T19:08:21.326300+00:00" hostname="agent-env-361d3946-ecd9-498a-ad78-e5ddb1ab5758"><testcase classname="tests.test_quotes_accept_api.TestQuotesAcceptEndpoint" name="test_accept_sent_quote_success" time="0.869" /><testcase classname="tests.test_quotes_accept_api.TestQuotesAcceptEndpoint" name="test_accept_already_accepted_quote_idempotent" time="0.839" /><testcase classname="tests.test_quotes_accept_api.TestQuotesAcceptEndpoint" name="test_accept_draft_quote_rejected_400" time="0.773" /><testcase classname="tests.test_quotes_accept_api.TestQuotesAcceptEndpoint" name="test_accept_invalid_share_token_404" time="0.572" /><testcase classname="tests.test_quotes_accept_api.TestQuotesAcceptEndpoint" name="test_accept_missing_share_token_400" time="0.430" /><testcase classname="tests.test_quotes_accept_api.TestPublicRoutes" name="test_view_quote_page_loads" time="0.061" /><testcase classname="tests.test_quotes_accept_api.TestPublicRoutes" name="test_login_page_loads" time="0.030" /><testcase classname="tests.test_quotes_accept_api.TestPublicRoutes" name="test_signup_page_loads" time="0.029" /><testcase classname="tests.test_quotes_accept_api.TestPublicRoutes" name="test_quotes_page_redirects_unauthenticated" time="0.010" /></testsuite></testsuites>